<?xml version="1.0" encoding="UTF-8"?>
<!-- Generated by org.testng.reporters.JUnitXMLReporter -->
<testsuite hostname="DESKTOP-HSLMIQI" ignored="0" name="OrangeHRM LoginTest" tests="1" failures="1" timestamp="25 May 2020 17:13:22 GMT" time="7.767" errors="0">
  <testcase name="login" time="7.535" classname="testCases.LoginTest">
    <failure type="junit.framework.ComparisonFailure" message="expected:&amp;lt;https://opensource-demo.orangehrmlive.com/index.php/dashboard&amp;gt; but was:&amp;lt;No Title&amp;gt;">
      <![CDATA[junit.framework.ComparisonFailure: expected:<https://opensource-demo.orangehrmlive.com/index.php/dashboard> but was:<No Title>
at junit.framework.Assert.assertEquals(Assert.java:81)
at junit.framework.Assert.assertEquals(Assert.java:87)
at testCases.LoginTest.login(LoginTest.java:123)
at sun.reflect.NativeMethodAccessorImpl.invoke0(Native Method)
at sun.reflect.NativeMethodAccessorImpl.invoke(Unknown Source)
at sun.reflect.DelegatingMethodAccessorImpl.invoke(Unknown Source)
at java.lang.reflect.Method.invoke(Unknown Source)
at org.testng.internal.MethodInvocationHelper.invokeMethod(MethodInvocationHelper.java:124)
at org.testng.internal.Invoker.invokeMethod(Invoker.java:583)
at org.testng.internal.Invoker.invokeTestMethod(Invoker.java:719)
at org.testng.internal.Invoker.invokeTestMethods(Invoker.java:989)
at org.testng.internal.TestMethodWorker.invokeTestMethods(TestMethodWorker.java:125)
at org.testng.internal.TestMethodWorker.run(TestMethodWorker.java:109)
at java.util.concurrent.ThreadPoolExecutor.runWorker(Unknown Source)
at java.util.concurrent.ThreadPoolExecutor$Worker.run(Unknown Source)
at java.lang.Thread.run(Unknown Source)
]]>
    </failure>
  </testcase> <!-- login -->
</testsuite> <!-- OrangeHRM LoginTest -->
